<?xml version="1.0" encoding="UTF-8"?>
<!-- Generated by org.testng.reporters.JUnitReportReporter -->
<testsuite hostname="Amrit" failures="0" tests="1" name="test.HomePageTest" time="43.860" errors="0" timestamp="31 Jan 2019 19:12:30 GMT" skipped="0">
  <testcase classname="test.HomePageTest" name="loginPageTitleTest" time="43.860"/>
</testsuite> <!-- test.HomePageTest -->
