<?xml version="1.0" encoding="UTF-8"?>
<!-- Generated by org.testng.reporters.JUnitReportReporter -->
<testsuite hostname="Amrit" failures="0" tests="1" name="test.HomePageTest" time="53.531" errors="0" timestamp="03 Feb 2019 16:46:30 GMT" skipped="0">
  <testcase classname="test.HomePageTest" name="loginPageTitleTest" time="53.531"/>
</testsuite> <!-- test.HomePageTest -->
